# JRE version: OpenJDK Runtime Environment (17.0.11) (build 17.0.11+0--11852314)
# Java VM: OpenJDK 64-Bit Server VM (17.0.11+0--11852314, mixed mode, tiered, compressed oops, compressed class ptrs, g1 gc, windows-amd64)
GC Precious Log:
 CPUs: 4 total, 4 available
 Memory: 12179M
 Large Page Support: Disabled
 NUMA Support: Disabled
 Compressed Oops: Enabled (32-bit)
 Heap Region Size: 1M
 Heap Min Capacity: 8M
 Heap Initial Capacity: 192M
 Heap Max Capacity: 2G
 Pre-touch: Disabled
 Parallel Workers: 4
 Concurrent Workers: 1
 Concurrent Refinement Workers: 4
 Periodic GC: Disabled
Heap:
 garbage-first heap   total 330752K, used 120360K [0x0000000080000000, 0x0000000100000000)
  region size 1024K, 6 young (6144K), 6 survivors (6144K)
 Metaspace       used 143573K, committed 145024K, reserved 1179648K
  class space    used 19182K, committed 19840K, reserved 1048576K
GC Heap History (20 events):
Event: 650.213 GC heap after
{Heap after GC invocations=78 (full 0):
 garbage-first heap   total 330752K, used 120601K [0x0000000080000000, 0x0000000100000000)
  region size 1024K, 2 young (2048K), 2 survivors (2048K)
 Metaspace       used 141283K, committed 142336K, reserved 1179648K
  class space    used 18948K, committed 19456K, reserved 1048576K
}
Event: 1221.022 GC heap before
{Heap before GC invocations=78 (full 0):
 garbage-first heap   total 330752K, used 192281K [0x0000000080000000, 0x0000000100000000)
  region size 1024K, 74 young (75776K), 2 survivors (2048K)
 Metaspace       used 141656K, committed 142720K, reserved 1179648K
  class space    used 18966K, committed 19456K, reserved 1048576K
}
Event: 1221.091 GC heap after
{Heap after GC invocations=79 (full 0):
 garbage-first heap   total 330752K, used 129846K [0x0000000080000000, 0x0000000100000000)
  region size 1024K, 11 young (11264K), 11 survivors (11264K)
 Metaspace       used 141656K, committed 142720K, reserved 1179648K
  class space    used 18966K, committed 19456K, reserved 1048576K
}
Event: 1223.519 GC heap before
{Heap before GC invocations=80 (full 0):
 garbage-first heap   total 330752K, used 258870K [0x0000000080000000, 0x0000000100000000)
  region size 1024K, 139 young (142336K), 11 survivors (11264K)
 Metaspace       used 142075K, committed 143104K, reserved 1179648K
  class space    used 18987K, committed 19456K, reserved 1048576K
}
Event: 1223.623 GC heap after
{Heap after GC invocations=81 (full 0):
 garbage-first heap   total 330752K, used 127841K [0x0000000080000000, 0x0000000100000000)
  region size 1024K, 3 young (3072K), 3 survivors (3072K)
 Metaspace       used 142075K, committed 143104K, reserved 1179648K
  class space    used 18987K, committed 19456K, reserved 1048576K
}
Event: 1224.124 GC heap before
{Heap before GC invocations=81 (full 0):
 garbage-first heap   total 330752K, used 143201K [0x0000000080000000, 0x0000000100000000)
  region size 1024K, 16 young (16384K), 3 survivors (3072K)
 Metaspace       used 142129K, committed 143168K, reserved 1179648K
  class space    used 18990K, committed 19456K, reserved 1048576K
}
Event: 1224.142 GC heap after
{Heap after GC invocations=82 (full 0):
 garbage-first heap   total 330752K, used 119660K [0x0000000080000000, 0x0000000100000000)
  region size 1024K, 2 young (2048K), 2 survivors (2048K)
 Metaspace       used 142129K, committed 143168K, reserved 1179648K
  class space    used 18990K, committed 19456K, reserved 1048576K
}
Event: 1224.146 GC heap before
{Heap before GC invocations=82 (full 0):
 garbage-first heap   total 330752K, used 119660K [0x0000000080000000, 0x0000000100000000)
  region size 1024K, 3 young (3072K), 2 survivors (2048K)
 Metaspace       used 142129K, committed 143168K, reserved 1179648K
  class space    used 18990K, committed 19456K, reserved 1048576K
}
Event: 1224.149 GC heap after
{Heap after GC invocations=83 (full 0):
 garbage-first heap   total 330752K, used 119444K [0x0000000080000000, 0x0000000100000000)
  region size 1024K, 2 young (2048K), 2 survivors (2048K)
 Metaspace       used 142129K, committed 143168K, reserved 1179648K
  class space    used 18990K, committed 19456K, reserved 1048576K
}
Event: 1439.554 GC heap before
{Heap before GC invocations=84 (full 0):
 garbage-first heap   total 330752K, used 316052K [0x0000000080000000, 0x0000000100000000)
  region size 1024K, 115 young (117760K), 2 survivors (2048K)
 Metaspace       used 142727K, committed 143872K, reserved 1179648K
  class space    used 19038K, committed 19584K, reserved 1048576K
}
Event: 1439.581 GC heap after
{Heap after GC invocations=85 (full 0):
 garbage-first heap   total 330752K, used 120274K [0x0000000080000000, 0x0000000100000000)
  region size 1024K, 6 young (6144K), 6 survivors (6144K)
 Metaspace       used 142727K, committed 143872K, reserved 1179648K
  class space    used 19038K, committed 19584K, reserved 1048576K
}
Event: 1439.796 GC heap before
{Heap before GC invocations=85 (full 0):
 garbage-first heap   total 330752K, used 129490K [0x0000000080000000, 0x0000000100000000)
  region size 1024K, 16 young (16384K), 6 survivors (6144K)
 Metaspace       used 142809K, committed 143936K, reserved 1179648K
  class space    used 19060K, committed 19584K, reserved 1048576K
}
Event: 1439.880 GC heap after
{Heap after GC invocations=86 (full 0):
 garbage-first heap   total 330752K, used 118957K [0x0000000080000000, 0x0000000100000000)
  region size 1024K, 2 young (2048K), 2 survivors (2048K)
 Metaspace       used 142809K, committed 143936K, reserved 1179648K
  class space    used 19060K, committed 19584K, reserved 1048576K
}
Event: 1440.408 GC heap before
{Heap before GC invocations=86 (full 0):
 garbage-first heap   total 330752K, used 138413K [0x0000000080000000, 0x0000000100000000)
  region size 1024K, 23 young (23552K), 2 survivors (2048K)
 Metaspace       used 143013K, committed 144320K, reserved 1179648K
  class space    used 19113K, committed 19712K, reserved 1048576K
}
Event: 1440.416 GC heap after
{Heap after GC invocations=87 (full 0):
 garbage-first heap   total 330752K, used 122860K [0x0000000080000000, 0x0000000100000000)
  region size 1024K, 6 young (6144K), 6 survivors (6144K)
 Metaspace       used 143013K, committed 144320K, reserved 1179648K
  class space    used 19113K, committed 19712K, reserved 1048576K
}
Event: 2372.919 GC heap before
{Heap before GC invocations=88 (full 0):
 garbage-first heap   total 330752K, used 279532K [0x0000000080000000, 0x0000000100000000)
  region size 1024K, 148 young (151552K), 6 survivors (6144K)
 Metaspace       used 143483K, committed 144896K, reserved 1179648K
  class space    used 19182K, committed 19840K, reserved 1048576K
}
Event: 2372.973 GC heap after
{Heap after GC invocations=89 (full 0):
 garbage-first heap   total 330752K, used 121774K [0x0000000080000000, 0x0000000100000000)
  region size 1024K, 9 young (9216K), 9 survivors (9216K)
 Metaspace       used 143483K, committed 144896K, reserved 1179648K
  class space    used 19182K, committed 19840K, reserved 1048576K
}
Event: 2373.169 GC heap before
{Heap before GC invocations=89 (full 0):
 garbage-first heap   total 330752K, used 128942K [0x0000000080000000, 0x0000000100000000)
  region size 1024K, 16 young (16384K), 9 survivors (9216K)
 Metaspace       used 143509K, committed 144896K, reserved 1179648K
  class space    used 19182K, committed 19840K, reserved 1048576K
}
Event: 2373.232 GC heap after
{Heap after GC invocations=90 (full 0):
 garbage-first heap   total 330752K, used 116487K [0x0000000080000000, 0x0000000100000000)
  region size 1024K, 2 young (2048K), 2 survivors (2048K)
 Metaspace       used 143509K, committed 144896K, reserved 1179648K
  class space    used 19182K, committed 19840K, reserved 1048576K
}
Event: 2373.741 GC heap before
{Heap before GC invocations=90 (full 0):
 garbage-first heap   total 330752K, used 140039K [0x0000000080000000, 0x0000000100000000)
  region size 1024K, 27 young (27648K), 2 survivors (2048K)
 Metaspace       used 143573K, committed 145024K, reserved 1179648K
  class space    used 19182K, committed 19840K, reserved 1048576K
}

